[2015.10.26-21.12.56:439][  0]Log file open, 10/26/15 16:12:56
[2015.10.26-21.12.56:439][  0]LogInit:Display: Running engine for game: Ashes
[2015.10.26-21.12.56:439][  0]LogInit:Display: RandInit(-1244625426) SRandInit(-1244625426).
[2015.10.26-21.12.56:439][  0]LogTaskGraph: Started task graph with 4 named threads and 7 total threads.
[2015.10.26-21.12.56:439][  0]LogStats: Stats thread started at 0.075924
[2015.10.26-21.12.56:439][  0]LogInit: Version: 4.9.2-2707645+++depot+UE4-Releases+4.9
[2015.10.26-21.12.56:439][  0]LogInit: API Version: 2672455
[2015.10.26-21.12.56:439][  0]LogInit: Compiled (64-bit): Sep 28 2015 10:25:44
[2015.10.26-21.12.56:439][  0]LogInit: Compiled with Visual C++: 18.00.21005.01
[2015.10.26-21.12.56:439][  0]LogInit: Build Configuration: Development
[2015.10.26-21.12.56:439][  0]LogInit: Branch Name: ++depot+UE4-Releases+4.9
[2015.10.26-21.12.56:439][  0]LogInit: Command line: 
[2015.10.26-21.12.56:439][  0]LogInit: Base directory: C:/Program Files/Epic Games/4.9/Engine/Binaries/Win64/
[2015.10.26-21.12.56:439][  0]LogInit: Rocket: 1
[2015.10.26-21.12.56:446][  0]LogInit: Using libcurl 7.41.0
[2015.10.26-21.12.56:446][  0]LogInit:  - built for x86_64-pc-win32
[2015.10.26-21.12.56:446][  0]LogInit:  - supports SSL with WinSSL
[2015.10.26-21.12.56:446][  0]LogInit:  - other features:
[2015.10.26-21.12.56:446][  0]LogInit:      CURL_VERSION_SSL
[2015.10.26-21.12.56:446][  0]LogInit:      CURL_VERSION_IPV6
[2015.10.26-21.12.56:446][  0]LogInit:      CURL_VERSION_ASYNCHDNS
[2015.10.26-21.12.56:446][  0]LogInit:      CURL_VERSION_LARGEFILE
[2015.10.26-21.12.56:446][  0]LogInit:      CURL_VERSION_IDN
[2015.10.26-21.12.56:446][  0]LogInit:  CurlRequestOptions (configurable via config and command line):
[2015.10.26-21.12.56:446][  0]LogInit:  - bVerifyPeer = true  - Libcurl will verify peer certificate
[2015.10.26-21.12.56:446][  0]LogInit:  - bUseHttpProxy = false  - Libcurl will NOT use HTTP proxy
[2015.10.26-21.12.56:446][  0]LogInit:  - bDontReuseConnections = false  - Libcurl will reuse connections
[2015.10.26-21.12.56:446][  0]LogInit:  - CertBundlePath = nullptr  - Libcurl will use whatever was configured at build time.
[2015.10.26-21.12.56:452][  0]LogInit: Presizing for 0 objects not considered by GC, pre-allocating 0 bytes.
[2015.10.26-21.12.56:459][  0]LogInit: Object subsystem initialized
[2015.10.26-21.12.56:460][  0]LogInit: Selected Device Profile: [Windows]
[2015.10.26-21.12.56:460][  0]LogInit: Applying CVar settings loaded from the selected device profile: [Windows]
[2015.10.26-21.12.56:471][  0]LogInit: Computer: JH316-17
[2015.10.26-21.12.56:471][  0]LogInit: User: pahln7270
[2015.10.26-21.12.56:471][  0]LogInit: CPU Page size=4096, Cores=4
[2015.10.26-21.12.56:471][  0]LogInit: High frequency timer resolution =3.604597 MHz
[2015.10.26-21.12.56:472][  0]LogMemory: Memory total: Physical=23.9GB (24GB approx)
[2015.10.26-21.12.56:472][  0]LogMemory: Platform Memory Stats for Windows
[2015.10.26-21.12.56:472][  0]LogMemory: Process Physical Memory: 52.17 MB used, 52.17 MB peak
[2015.10.26-21.12.56:472][  0]LogMemory: Process Virtual Memory: 57.05 MB used, 57.05 MB peak
[2015.10.26-21.12.56:472][  0]LogMemory: Physical Memory: 6201.32 MB used, 24499.81 MB total
[2015.10.26-21.12.56:472][  0]LogMemory: Virtual Memory: 348.42 MB used, 134217728.00 MB total
[2015.10.26-21.12.56:498][  0]LogTextLocalizationManager: No specific translations for ('en-US') exist, so ('en') translations will be used.
[2015.10.26-21.12.57:160][  0]LogD3D11RHI: Found D3D11 adapter 0: NVIDIA Quadro K2000  (Feature Level 11_0)
[2015.10.26-21.12.57:160][  0]LogD3D11RHI: Adapter has 1942MB of dedicated video memory, 0MB of dedicated system memory, and 12249MB of shared system memory, 2 output[s]
[2015.10.26-21.12.57:161][  0]LogD3D11RHI: Found D3D11 adapter 1: Microsoft Basic Render Driver (Feature Level 11_0)
[2015.10.26-21.12.57:161][  0]LogD3D11RHI: Adapter has 0MB of dedicated video memory, 0MB of dedicated system memory, and 256MB of shared system memory, 0 output[s]
[2015.10.26-21.12.57:161][  0]LogD3D11RHI: Chosen D3D11 Adapter Id = 0
[2015.10.26-21.12.57:164][  0]LogD3D11RHI: !Direct3DDevice
[2015.10.26-21.12.57:164][  0]LogRHI: Texture pool is 1359 MB (70% of 1942 MB)
[2015.10.26-21.12.57:171][  0]LogD3D11RHI: Async texture creation enabled
[2015.10.26-21.12.57:188][  0]LogShaderCompilers: Guid format shader working directory is 15 characters bigger than the processId version (../../../../../../Users/pahln7270/Documents/GitHub/Ashes/Ashes/Intermediate/Shaders/WorkingDirectory/4368/).
[2015.10.26-21.12.57:188][  0]LogShaderCompilers: Cleaned the shader compiler working directory '../../../../../../Users/pahln7270/Documents/GitHub/Ashes/Ashes/Intermediate/Shaders/tmp/96F26DFD427BC610F5A0FFA4B6190484/'.
[2015.10.26-21.12.57:188][  0]LogShaderCompilers:Display: Using Local Shader Compiler.
[2015.10.26-21.12.58:228][  0]LogTemp:Display: Loaded TP AllDesktopTargetPlatform
[2015.10.26-21.12.58:233][  0]LogTemp:Display: Loaded TP WindowsClientTargetPlatform
[2015.10.26-21.12.58:237][  0]LogTemp:Display: Loaded TP WindowsNoEditorTargetPlatform
[2015.10.26-21.12.58:242][  0]LogTemp:Display: Loaded TP WindowsServerTargetPlatform
[2015.10.26-21.12.58:246][  0]LogTemp:Display: Loaded TP WindowsTargetPlatform
[2015.10.26-21.12.58:249][  0]LogTemp:Display: Loaded TP AndroidTargetPlatform
[2015.10.26-21.12.58:252][  0]LogTemp:Display: Loaded TP Android_ASTCTargetPlatform
[2015.10.26-21.12.58:255][  0]LogTemp:Display: Loaded TP Android_ATCTargetPlatform
[2015.10.26-21.12.58:258][  0]LogTemp:Display: Loaded TP Android_DXTTargetPlatform
[2015.10.26-21.12.58:261][  0]LogTemp:Display: Loaded TP Android_ETC1TargetPlatform
[2015.10.26-21.12.58:264][  0]LogTemp:Display: Loaded TP Android_ETC2TargetPlatform
[2015.10.26-21.12.58:268][  0]LogTemp:Display: Loaded TP Android_PVRTCTargetPlatform
[2015.10.26-21.12.58:268][  0]LogTemp:Display: Loaded TP HTML5TargetPlatform
[2015.10.26-21.12.58:285][  0]LogTemp:Display: Loaded TP IOSTargetPlatform
[2015.10.26-21.12.58:288][  0]LogTemp:Display: Loaded TP LinuxNoEditorTargetPlatform
[2015.10.26-21.12.58:290][  0]LogTemp:Display: Loaded TP LinuxServerTargetPlatform
[2015.10.26-21.12.58:294][  0]LogTemp:Display: Loaded TP LinuxTargetPlatform
[2015.10.26-21.12.58:294][  0]LogTargetPlatformManager:Display: Building Assets For Windows
[2015.10.26-21.12.58:367][  0]LogDerivedDataCache:Display: Max Cache Size: 512 MB
[2015.10.26-21.12.58:405][  0]LogDerivedDataCache: Loaded boot cache 0.04s 41MB C:/Users/pahln7270/AppData/Local/UnrealEngine/4.9/DerivedDataCache/Boot.ddc.
[2015.10.26-21.12.58:405][  0]LogDerivedDataCache:Display: Loaded Boot cache: C:/Users/pahln7270/AppData/Local/UnrealEngine/4.9/DerivedDataCache/Boot.ddc
[2015.10.26-21.12.58:405][  0]LogDerivedDataCache: FDerivedDataBackendGraph:  Pak pak cache file ../../../../../../Users/pahln7270/Documents/GitHub/Ashes/Ashes/DerivedDataCache/DDC.ddp not found, will not use a pak cache.
[2015.10.26-21.12.58:405][  0]LogDerivedDataCache: Unable to find inner node Pak for hierarchical cache Hierarchy.
[2015.10.26-21.12.58:405][  0]LogDerivedDataCache: FDerivedDataBackendGraph:  CompressedPak pak cache file ../../../../../../Users/pahln7270/Documents/GitHub/Ashes/Ashes/DerivedDataCache/Compressed.ddp not found, will not use a pak cache.
[2015.10.26-21.12.58:405][  0]LogDerivedDataCache: Unable to find inner node CompressedPak for hierarchical cache Hierarchy.
[2015.10.26-21.12.58:538][  0]LogDerivedDataCache:Display: Pak cache opened for reading ../../../Engine/DerivedDataCache/Compressed.ddp.
[2015.10.26-21.12.58:550][  0]LogDerivedDataCache: Using Local data cache path C:/Users/pahln7270/AppData/Local/UnrealEngine/Common/DerivedDataCache: Writable
[2015.10.26-21.12.58:735][  0]LogInit: Selected Device Profile: [Windows]
[2015.10.26-21.12.58:738][  0]LogContentStreaming: Texture pool size is 0.000000MB
[2015.10.26-21.12.58:850][  0]LogMeshUtilities: No automatic mesh reduction module available
[2015.10.26-21.12.58:850][  0]LogMeshUtilities: No automatic mesh merging module available
[2015.10.26-21.12.59:113][  0]LogInit: WinSock: version 1.1 (2.2), MaxSocks=32767, MaxUdp=65467
[2015.10.26-21.12.59:776][  0]LogAssetRegistry: FAssetRegistry took 0.0110 seconds to start up
[2015.10.26-21.12.59:789][  0]UdpMessaging: Initializing bridge on interface 0.0.0.0:0 to multicast group 230.0.0.1:6666.
[2015.10.26-21.13.00:009][  0]SourceControl: Info Source control is disabled
[2015.10.26-21.13.00:260][  0]LogLinker:Warning: Asset '../../../Engine/Plugins/Runtime/LeapMotionController/Content/LM_PassthroughMaterial.uasset' has been saved with empty engine version. The asset will be loaded but may be incompatible.
[2015.10.26-21.13.00:362][  0]LogObj: 28528 objects as part of root set at end of initial load.
[2015.10.26-21.13.00:362][  0]LogUObjectAllocator: 6068464 out of 0 bytes used by permanent object pool.
[2015.10.26-21.13.00:415][  0]LogEngine: Initializing Engine...
[2015.10.26-21.13.00:417][  0]LogHMD: Can't find Oculus library dev build: is proper Runtime installed? Version: 0.7.0.0
[2015.10.26-21.13.00:418][  0]LogHMD: SteamVR failed to initialize.  Err: 110
[2015.10.26-21.13.00:543][  0]LogAIModule: Creating AISystem for world NewWorld
[2015.10.26-21.13.00:546][  0]LogInit: XAudio2 using 'Speakers (Realtek High Definition Audio)' : 2 channels at 48 kHz using 32 bits per sample (channel mask 0x3)
[2015.10.26-21.13.00:564][  0]LogInit: FAudioDevice initialized.
[2015.10.26-21.13.00:582][  0]LogDerivedDataCache: Saved boot cache 0.02s 41MB C:/Users/pahln7270/AppData/Local/UnrealEngine/4.9/DerivedDataCache/Boot.ddc.
[2015.10.26-21.13.00:587][  0]LogInit: Texture streaming: Enabled
[2015.10.26-21.13.00:594][  0]LogAnalytics: Creating configured Analytics provider AnalyticsET
[2015.10.26-21.13.00:594][  0]LogAnalytics: [UEEditor.Rocket.Release] APIServer = http://et2.epicgames.com/ET2/. AppVersion = 4.9.2-2707645+++depot+UE4-Releases+4.9
[2015.10.26-21.13.00:594][  0]LogAnalytics: [UEEditor.Rocket.Release] SetUserId 397816f640ea590b7f8dc39a903bcd22|bf0392f625e1477ab45db6eff918d07a|cc1dcdc8-eb11-4f28-9f0e-1a8e1f1c3144
[2015.10.26-21.13.00:594][  0]LogAnalytics: [UEEditor.Rocket.Release] AnalyticsET::StartSession
[2015.10.26-21.13.00:616][  0]LogInit: Transaction tracking system initialized
[2015.10.26-21.13.00:656][  0]BlueprintLog: New page: Editor Load
[2015.10.26-21.13.01:030][  0]LocalizationService: Info Localization service is disabled
[2015.10.26-21.13.01:101][  0]LogConsoleResponse:Display: 
[2015.10.26-21.13.01:208][  0]LogCook:Display: Done creating registry. It took  0.00s.
[2015.10.26-21.13.01:296][  0]LogFileCache: Scanning file cache for directory 'C:/Users/pahln7270/Documents/GitHub/Ashes/Ashes/Content/' took 0.02s
[2015.10.26-21.13.01:296][  0]Cmd: MAP LOAD FILE="../../../../../../Users/pahln7270/Documents/GitHub/Ashes/Ashes/Content/FirstPersonBP/Maps/FirstPersonExampleMap.umap" TEMPLATE=0 SHOWPROGRESS=1 FEATURELEVEL=3
[2015.10.26-21.13.01:296][  0]LightingResults: New page: Lighting Build
[2015.10.26-21.13.01:299][  0]MapCheck: New page: Map Check
[2015.10.26-21.13.01:299][  0]LightingResults: New page: Lighting Build
[2015.10.26-21.13.01:309][  0]LogParticles: Destroying 0 GPU particle simulations for FXSystem 0x00000051DDEAD260
[2015.10.26-21.13.02:433][  0]LogSkeletalMesh:Warning: Reference Pose for joint (main_MSH) includes NIL matrix. Zero scale isn't allowed on ref pose. 
[2015.10.26-21.13.02:703][  0]LogAIModule: Creating AISystem for world FirstPersonExampleMap
[2015.10.26-21.13.02:732][  0]LogEditorServer: Finished looking for orphan Actors (0.000 secs)
[2015.10.26-21.13.02:733][  0]Cmd: MAP CHECKDEP NOCLEARLOG
[2015.10.26-21.13.02:787][  0]MapCheck: Info Map check complete: 0 Error(s), 0 Warning(s), took 53.823ms to complete.
[2015.10.26-21.13.02:787][  0]LogFileHelpers: Loading map 'FirstPersonExampleMap' took 1.491
[2015.10.26-21.13.02:902][  0]LogCollectionManager: Loaded 0 collections in 0.002746 seconds
[2015.10.26-21.13.02:943][  0]LogFileCache: Scanning file cache for directory 'C:/Users/pahln7270/Documents/GitHub/Ashes/Ashes/Saved/Collections/' took 0.01s
[2015.10.26-21.13.02:943][  0]LogFileCache: Scanning file cache for directory 'C:/Users/pahln7270/Documents/GitHub/Ashes/Ashes/Content/Developers/pahln7270/Collections/' took 0.01s
[2015.10.26-21.13.02:943][  0]LogFileCache: Scanning file cache for directory 'C:/Users/pahln7270/Documents/GitHub/Ashes/Ashes/Content/Collections/' took 0.01s
[2015.10.26-21.13.02:943][  0]LogContentBrowser: Native class hierarchy populated in 0.0065 seconds. Added 1882 classes and 339 folders.
[2015.10.26-21.13.02:949][  0]LogCollectionManager: Rebuilt the GUID cache for 0 collections in 0.000002 seconds
[2015.10.26-21.13.02:954][  0]LogContentBrowser: Native class hierarchy updated for 'WidgetCarousel' in 0.0003 seconds. Added 0 classes and 0 folders.
[2015.10.26-21.13.02:990][  0]LogContentBrowser: Native class hierarchy updated for 'AddContentDialog' in 0.0003 seconds. Added 0 classes and 0 folders.
[2015.10.26-21.13.02:993][  0]LogContentBrowser: Native class hierarchy updated for 'SceneOutliner' in 0.0002 seconds. Added 1 classes and 2 folders.
[2015.10.26-21.13.03:012][  0]LogCrashTracker: Crashtracker disabled due to settings.
[2015.10.26-21.13.03:016][  0]LogUObjectGlobals:Warning: Failed to find object 'Class None.'
[2015.10.26-21.13.03:038][  0]LogLoad: Full Startup: 7.19 seconds (BP compile: 0.17 seconds)
[2015.10.26-21.13.03:729][  0]SourceControl: Info On branch master
[2015.10.26-21.13.03:729][  0]SourceControl: Info Untracked files:
[2015.10.26-21.13.03:729][  0]SourceControl: Info   (use "git add <file>..." to include in what will be committed)
[2015.10.26-21.13.03:729][  0]SourceControl: Info 	Ashes/
[2015.10.26-21.13.03:729][  0]SourceControl: Info nothing added to commit but untracked files present (use "git add" to track)
[2015.10.26-21.13.03:729][  0]LogContentStreaming: Texture pool size now 1000 MB
[2015.10.26-21.13.03:866][  0]LogRenderer: Reallocating scene render targets to support 1208x556 (Frame:2).
[2015.10.26-21.13.04:019][  1]LogFileCache: Retrieving MD5 hashes for directory 'C:/Users/pahln7270/Documents/GitHub/Ashes/Ashes/Content/' took 0.64s
[2015.10.26-21.13.05:360][  5]LogAssetRegistry: Asset discovery search completed in 5.5951 seconds
[2015.10.26-21.13.05:360][  5]LogCollectionManager: Rebuilt the object cache for 0 collections in 0.000001 seconds (found 0 objects)
[2015.10.26-21.13.05:360][  5]LogCollectionManager: Fixed up redirectors for 0 collections in 0.000022 seconds (updated 0 objects)
[2015.10.26-21.13.18:369][530]LogBlueprintUserMessages: Early PlayInEditor Detection: Level '/Game/FirstPersonBP/Maps/FirstPersonExampleMap.FirstPersonExampleMap:PersistentLevel' has LevelScriptBlueprint '/Game/FirstPersonBP/Maps/FirstPersonExampleMap.FirstPersonExampleMap:PersistentLevel.FirstPersonExampleMap' with GeneratedClass '/Game/FirstPersonBP/Maps/FirstPersonExampleMap.FirstPersonExampleMap_C' with ClassGeneratedBy '/Game/FirstPersonBP/Maps/FirstPersonExampleMap.FirstPersonExampleMap:PersistentLevel.FirstPersonExampleMap'
[2015.10.26-21.13.18:369][530]LogPlayLevel: PlayLevel: No blueprints needed recompiling
[2015.10.26-21.13.18:370][530]PIE: New page: PIE session: FirstPersonExampleMap (Oct 26, 2015, 11:13:18 AM)
[2015.10.26-21.13.18:370][530]LogPlayLevel: Creating play world package: /Game/FirstPersonBP/Maps/UEDPIE_0_FirstPersonExampleMap
[2015.10.26-21.13.18:417][530]LogPlayLevel: PIE: StaticDuplicateObject took: (0.046071s)
[2015.10.26-21.13.18:418][530]LogAIModule: Creating AISystem for world FirstPersonExampleMap
[2015.10.26-21.13.18:418][530]LogPlayLevel: PIE: World Init took: (0.001134s)
[2015.10.26-21.13.18:418][530]LogPlayLevel: PIE: Created PIE world by copying editor world from /Game/FirstPersonBP/Maps/FirstPersonExampleMap.FirstPersonExampleMap to /Game/FirstPersonBP/Maps/UEDPIE_0_FirstPersonExampleMap.FirstPersonExampleMap (0.047679s)
[2015.10.26-21.13.18:450][530]LogInit: XAudio2 using 'Speakers (Realtek High Definition Audio)' : 2 channels at 48 kHz using 32 bits per sample (channel mask 0x3)
[2015.10.26-21.13.18:456][530]LogInit: FAu